<?xml version="1.0" encoding="UTF-8"?>
<!-- Generated by org.testng.reporters.JUnitReportReporter -->
<testsuite hostname="DESKTOP-C0BIG7I" failures="0" tests="1" name="testCases.TC_001_AccountRegistrationTest" time="4.016" errors="0" timestamp="2024-10-08T16:10:02 IST" skipped="0">
  <testcase classname="testCases.TC_001_AccountRegistrationTest" name="verify_account_registration" time="4.016"/>
</testsuite> <!-- testCases.TC_001_AccountRegistrationTest -->
